<?xml version="1.0" encoding="UTF-8"?>
<!-- Generated by org.testng.reporters.JUnitXMLReporter -->
<testsuite ignored="0" hostname="DESKTOP-N5CVH87" failures="0" tests="4" name="Default test" time="31.809" errors="0" timestamp="2024-03-06T16:05:00 IST">
  <testcase classname="api.test.UserTests" name="testPostUser" time="16.379"/>
  <testcase classname="api.test.UserTests" name="testGetUserByName" time="7.974"/>
  <testcase classname="api.test.UserTests" name="testUpdateUserByName" time="3.69"/>
  <testcase classname="api.test.UserTests" name="testDeleteUserByName" time="1.784"/>
</testsuite> <!-- Default test -->
