<?xml version="1.0" encoding="UTF-8"?>
<!-- Generated by org.testng.reporters.JUnitXMLReporter -->
<testsuite ignored="0" hostname="DESKTOP-N5CVH87" failures="0" tests="6" name="Default test" time="38.404" errors="0" timestamp="2024-03-06T16:58:59 IST">
  <testcase classname="api.test.UserDataDriverTest" name="testPostUser" time="13.449"/>
  <testcase classname="api.test.UserDataDriverTest" name="testPostUser" time="1.711"/>
  <testcase classname="api.test.UserDataDriverTest" name="testPostUser" time="1.747"/>
  <testcase classname="api.test.UserDataDriverTest" name="testDeleteUserByName" time="1.851"/>
  <testcase classname="api.test.UserDataDriverTest" name="testDeleteUserByName" time="1.591"/>
  <testcase classname="api.test.UserDataDriverTest" name="testDeleteUserByName" time="1.62"/>
</testsuite> <!-- Default test -->
