<?xml version="1.0" encoding="UTF-8"?>
<testng-results ignored="0" total="4" passed="4" failed="0" skipped="0">
  <reporter-output>
  </reporter-output>
  <suite started-at="2024-03-07T12:47:03 IST" name="PetSuite" finished-at="2024-03-07T12:47:36 IST" duration-ms="33238">
    <groups>
    </groups>
    <test started-at="2024-03-07T12:47:03 IST" name="PetTest" finished-at="2024-03-07T12:47:36 IST" duration-ms="33238">
      <class name="api.test.UserTests2">
        <test-method is-config="true" signature="setupData()[pri:0, instance:api.test.UserTests2@33d512c1]" started-at="2024-03-07T12:47:05 IST" name="setupData" finished-at="2024-03-07T12:47:09 IST" duration-ms="4607" status="PASS">
          <reporter-output>
          </reporter-output>
        </test-method> <!-- setupData -->
        <test-method signature="testPostUser()[pri:1, instance:api.test.UserTests2@33d512c1]" started-at="2024-03-07T12:47:09 IST" name="testPostUser" finished-at="2024-03-07T12:47:24 IST" duration-ms="14555" status="PASS">
          <reporter-output>
          </reporter-output>
        </test-method> <!-- testPostUser -->
        <test-method signature="testGetUserByName()[pri:2, instance:api.test.UserTests2@33d512c1]" started-at="2024-03-07T12:47:24 IST" name="testGetUserByName" finished-at="2024-03-07T12:47:31 IST" duration-ms="6831" status="PASS">
          <reporter-output>
          </reporter-output>
        </test-method> <!-- testGetUserByName -->
        <test-method signature="testUpdateUserByName()[pri:3, instance:api.test.UserTests2@33d512c1]" started-at="2024-03-07T12:47:31 IST" name="testUpdateUserByName" finished-at="2024-03-07T12:47:34 IST" duration-ms="3540" status="PASS">
          <reporter-output>
          </reporter-output>
        </test-method> <!-- testUpdateUserByName -->
        <test-method signature="testDeleteUserByName()[pri:4, instance:api.test.UserTests2@33d512c1]" started-at="2024-03-07T12:47:34 IST" name="testDeleteUserByName" finished-at="2024-03-07T12:47:36 IST" duration-ms="1714" status="PASS">
          <reporter-output>
          </reporter-output>
        </test-method> <!-- testDeleteUserByName -->
      </class> <!-- api.test.UserTests2 -->
    </test> <!-- PetTest -->
  </suite> <!-- PetSuite -->
</testng-results>
