<?xml version="1.0" encoding="UTF-8"?>
<!-- Generated by org.testng.reporters.JUnitXMLReporter -->
<testsuite ignored="0" hostname="DESKTOP-N5CVH87" failures="0" tests="4" name="PetTest" time="49.792" errors="0" timestamp="2024-03-07T13:23:02 IST">
  <testcase classname="api.test.UserTests2" name="testPostUser" time="22.097"/>
  <testcase classname="api.test.UserTests2" name="testGetUserByName" time="9.513"/>
  <testcase classname="api.test.UserTests2" name="testUpdateUserByName" time="3.735"/>
  <testcase classname="api.test.UserTests2" name="testDeleteUserByName" time="1.699"/>
</testsuite> <!-- PetTest -->
