<?xml version="1.0" encoding="UTF-8"?>
<!-- Generated by org.testng.reporters.JUnitXMLReporter -->
<testsuite ignored="0" hostname="DESKTOP-N5CVH87" failures="0" tests="4" name="PetTest" time="33.238" errors="0" timestamp="2024-03-07T12:47:39 IST">
  <testcase classname="api.test.UserTests2" name="testPostUser" time="14.555"/>
  <testcase classname="api.test.UserTests2" name="testGetUserByName" time="6.831"/>
  <testcase classname="api.test.UserTests2" name="testUpdateUserByName" time="3.54"/>
  <testcase classname="api.test.UserTests2" name="testDeleteUserByName" time="1.714"/>
</testsuite> <!-- PetTest -->
